============================= test session starts =============================
platform win32 -- Python 3.14.2, pytest-7.4.3, pluggy-1.6.0 -- D:\python\python.exe
cachedir: .pytest_cache
rootdir: D:\projects\v-JianzhangDong_26_02_27_case1\Claude-haiku-4.5\v-JianzhangDong_26_02_27_case1
plugins: anyio-4.12.1, cov-4.1.0
collecting ... collected 4 items

tests/test_service.py::test_total PASSED                                 [ 25%]
tests/test_service.py::test_average PASSED                               [ 50%]
tests/test_service.py::test_filter PASSED                                [ 75%]
tests/test_utils.py::test_validate PASSED                                [100%]

============================== 4 passed in 0.09s ==============================
